[2012-08-24 08:27:26] make install
./miniruby -I./lib -I. -I.ext/common  ./tool/rbinstall.rb --make="make" --dest-dir="" --extout=".ext" --mflags="" --make-flags="" --data-mode=0644 --prog-mode=0755 --installed-list .installed.list --mantype="doc"
installing binary commands:   /home/student/.rvm/rubies/ruby-1.9.3-p194/bin
installing base libraries:    /home/student/.rvm/rubies/ruby-1.9.3-p194/lib
installing arch files:        /home/student/.rvm/rubies/ruby-1.9.3-p194/lib/ruby/1.9.1/i686-linux
installing pkgconfig data:    /home/student/.rvm/rubies/ruby-1.9.3-p194/lib/pkgconfig
installing command scripts:   /home/student/.rvm/rubies/ruby-1.9.3-p194/bin
installing library scripts:   /home/student/.rvm/rubies/ruby-1.9.3-p194/lib/ruby/1.9.1
installing common headers:    /home/student/.rvm/rubies/ruby-1.9.3-p194/include/ruby-1.9.1
installing manpages:          /home/student/.rvm/rubies/ruby-1.9.3-p194/share/man/man1
installing extension objects: /home/student/.rvm/rubies/ruby-1.9.3-p194/lib/ruby/1.9.1/i686-linux
installing extension objects: /home/student/.rvm/rubies/ruby-1.9.3-p194/lib/ruby/site_ruby/1.9.1/i686-linux
installing extension objects: /home/student/.rvm/rubies/ruby-1.9.3-p194/lib/ruby/vendor_ruby/1.9.1/i686-linux
installing extension headers: /home/student/.rvm/rubies/ruby-1.9.3-p194/include/ruby-1.9.1/i686-linux
installing extension scripts: /home/student/.rvm/rubies/ruby-1.9.3-p194/lib/ruby/1.9.1
installing extension scripts: /home/student/.rvm/rubies/ruby-1.9.3-p194/lib/ruby/site_ruby/1.9.1
installing extension scripts: /home/student/.rvm/rubies/ruby-1.9.3-p194/lib/ruby/vendor_ruby/1.9.1
installing extension headers: /home/student/.rvm/rubies/ruby-1.9.3-p194/include/ruby-1.9.1/ruby
installing default gems:      /home/student/.rvm/rubies/ruby-1.9.3-p194/lib/ruby/gems/1.9.1 (cache, doc, gems, specifications)
                              rake 0.9.2.2
                              rdoc 3.9.4
                              minitest 2.5.1
                              json 1.5.4
                              io-console 0.3
                              bigdecimal 1.1.0
